###############################################################################
#
# IAR C/C++ Compiler V10.30.1.6000 for 8051               25/Dec/2021  23:22:38
# Copyright 2004-2018 IAR Systems AB.
# PC-locked license - IAR Embedded Workbench for 8051
#
#    Core               =  plain
#    Code model         =  banked
#    Data model         =  large
#    Calling convention =  xdata reentrant
#    Constant location  =  data_rom
#    Dptr setup         =  1,16
#                          
#    Source file        =  
#        E:\Texas Instruments\Z-Stack
#        3.0.2\Projects\zstack\HomeAutomation\MyApp\Source\delay.c
#    Command line       =  
#        -f C:\Users\QUOCKI~1\AppData\Local\Temp\EW573E.tmp ("E:\Texas
#        Instruments\Z-Stack
#        3.0.2\Projects\zstack\HomeAutomation\MyApp\Source\delay.c" -lC
#        "E:\Texas Instruments\Z-Stack
#        3.0.2\Projects\zstack\HomeAutomation\MyApp\CC2530DB\RouterEB\List" -lA
#        "E:\Texas Instruments\Z-Stack
#        3.0.2\Projects\zstack\HomeAutomation\MyApp\CC2530DB\RouterEB\List"
#        --diag_suppress Pe001,Pa010 -o "E:\Texas Instruments\Z-Stack
#        3.0.2\Projects\zstack\HomeAutomation\MyApp\CC2530DB\RouterEB\Obj" -e
#        --debug --core=plain --dptr=16,1 --data_model=large
#        --code_model=banked --calling_convention=xdata_reentrant
#        --place_constants=data_rom --nr_virtual_regs 16 --preinclude "E:\Texas
#        Instruments\Z-Stack
#        3.0.2\Projects\zstack\HomeAutomation\MyApp\CC2530DB\..\Source\preinclude.h"
#        -f "E:\Texas Instruments\Z-Stack
#        3.0.2\Projects\zstack\HomeAutomation\MyApp\CC2530DB\..\..\..\Tools\CC2530DB\f8wRouter.cfg"
#        (-DCPU32MHZ -DROOT=__near_func -DMAC_CFG_APP_PENDING_QUEUE=TRUE
#        -DMAC_CFG_TX_DATA_MAX=5 -DMAC_CFG_TX_MAX=8 -DMAC_CFG_RX_MAX=5
#        -DRTR_NWK) -f "E:\Texas Instruments\Z-Stack
#        3.0.2\Projects\zstack\HomeAutomation\MyApp\CC2530DB\..\..\..\Tools\CC2530DB\f8wConfig.cfg"
#        (-DZIGBEEPRO -DSECURE=1 -DZG_SECURE_DYNAMIC=0 -DREFLECTOR
#        -DZDAPP_CONFIG_PAN_ID=0xFFFF -DNWK_START_DELAY=100
#        -DEXTENDED_JOINING_RANDOM_MASK=0x007F -DBEACON_REQUEST_DELAY=100
#        -DBEACON_REQ_DELAY_MASK=0x00FF -DLINK_STATUS_JITTER_MASK=0x007F
#        -DROUTE_EXPIRY_TIME=30 -DAPSC_ACK_WAIT_DURATION_POLLED=3000
#        -DNWK_INDIRECT_MSG_TIMEOUT=7 -DMAX_RREQ_ENTRIES=8
#        -DAPSC_MAX_FRAME_RETRIES=3 -DNWK_MAX_DATA_RETRIES=2
#        -DMAX_POLL_FAILURE_RETRIES=2 -DMAX_BCAST=9 -DAPS_MAX_GROUPS=16
#        -DMAX_RTG_ENTRIES=40 -DNWK_MAX_BINDING_ENTRIES=4
#        -DMAX_BINDING_CLUSTER_IDS=4 -DDEFAULT_KEY={0} -DMAC_MAX_FRAME_SIZE=116
#        -DZDNWKMGR_MIN_TRANSMISSIONS=20 "-DCONST=const __code"
#        -DGENERIC=__generic -DRFD_RCVC_ALWAYS_ON=FALSE -DPOLL_RATE=1000
#        -DQUEUED_POLL_RATE=100 -DRESPONSE_POLL_RATE=100 -DREJOIN_POLL_RATE=440
#        -DREJOIN_BACKOFF=900000 -DREJOIN_SCAN=900000 -DENABLE_LED4_DISABLE_S1)
#        -f "E:\Texas Instruments\Z-Stack
#        3.0.2\Projects\zstack\HomeAutomation\MyApp\CC2530DB\..\..\..\Tools\CC2530DB\f8wZCL.cfg"
#        -I "E:\Texas Instruments\Z-Stack
#        3.0.2\Projects\zstack\HomeAutomation\MyApp\CC2530DB\" -I "E:\Texas
#        Instruments\Z-Stack
#        3.0.2\Projects\zstack\HomeAutomation\MyApp\CC2530DB\..\Source\" -I
#        "E:\Texas Instruments\Z-Stack
#        3.0.2\Projects\zstack\HomeAutomation\MyApp\CC2530DB\..\..\Source\" -I
#        "E:\Texas Instruments\Z-Stack
#        3.0.2\Projects\zstack\HomeAutomation\MyApp\CC2530DB\..\..\..\ZMain\TI2530DB\"
#        -I "E:\Texas Instruments\Z-Stack
#        3.0.2\Projects\zstack\HomeAutomation\MyApp\CC2530DB\..\..\..\..\..\Components\hal\include\"
#        -I "E:\Texas Instruments\Z-Stack
#        3.0.2\Projects\zstack\HomeAutomation\MyApp\CC2530DB\..\..\..\..\..\Components\hal\target\CC2530EB\"
#        -I "E:\Texas Instruments\Z-Stack
#        3.0.2\Projects\zstack\HomeAutomation\MyApp\CC2530DB\..\..\..\..\..\Components\mac\include\"
#        -I "E:\Texas Instruments\Z-Stack
#        3.0.2\Projects\zstack\HomeAutomation\MyApp\CC2530DB\..\..\..\..\..\Components\mac\high_level\"
#        -I "E:\Texas Instruments\Z-Stack
#        3.0.2\Projects\zstack\HomeAutomation\MyApp\CC2530DB\..\..\..\..\..\Components\mac\low_level\srf04\"
#        -I "E:\Texas Instruments\Z-Stack
#        3.0.2\Projects\zstack\HomeAutomation\MyApp\CC2530DB\..\..\..\..\..\Components\mac\low_level\srf04\single_chip\"
#        -I "E:\Texas Instruments\Z-Stack
#        3.0.2\Projects\zstack\HomeAutomation\MyApp\CC2530DB\..\..\..\..\..\Components\mt\"
#        -I "E:\Texas Instruments\Z-Stack
#        3.0.2\Projects\zstack\HomeAutomation\MyApp\CC2530DB\..\..\..\..\..\Components\osal\include\"
#        -I "E:\Texas Instruments\Z-Stack
#        3.0.2\Projects\zstack\HomeAutomation\MyApp\CC2530DB\..\..\..\..\..\Components\services\saddr\"
#        -I "E:\Texas Instruments\Z-Stack
#        3.0.2\Projects\zstack\HomeAutomation\MyApp\CC2530DB\..\..\..\..\..\Components\services\sdata\"
#        -I "E:\Texas Instruments\Z-Stack
#        3.0.2\Projects\zstack\HomeAutomation\MyApp\CC2530DB\..\..\..\..\..\Components\stack\af\"
#        -I "E:\Texas Instruments\Z-Stack
#        3.0.2\Projects\zstack\HomeAutomation\MyApp\CC2530DB\..\..\..\..\..\Components\stack\bdb\"
#        -I "E:\Texas Instruments\Z-Stack
#        3.0.2\Projects\zstack\HomeAutomation\MyApp\CC2530DB\..\..\..\..\..\Components\stack\nwk\"
#        -I "E:\Texas Instruments\Z-Stack
#        3.0.2\Projects\zstack\HomeAutomation\MyApp\CC2530DB\..\..\..\..\..\Components\stack\bdb\"
#        -I "E:\Texas Instruments\Z-Stack
#        3.0.2\Projects\zstack\HomeAutomation\MyApp\CC2530DB\..\..\..\..\..\Components\stack\gp\"
#        -I "E:\Texas Instruments\Z-Stack
#        3.0.2\Projects\zstack\HomeAutomation\MyApp\CC2530DB\..\..\..\..\..\Components\stack\sapi\"
#        -I "E:\Texas Instruments\Z-Stack
#        3.0.2\Projects\zstack\HomeAutomation\MyApp\CC2530DB\..\..\..\..\..\Components\stack\sec\"
#        -I "E:\Texas Instruments\Z-Stack
#        3.0.2\Projects\zstack\HomeAutomation\MyApp\CC2530DB\..\..\..\..\..\Components\stack\sys\"
#        -I "E:\Texas Instruments\Z-Stack
#        3.0.2\Projects\zstack\HomeAutomation\MyApp\CC2530DB\..\..\..\..\..\Components\stack\zcl\"
#        -I "E:\Texas Instruments\Z-Stack
#        3.0.2\Projects\zstack\HomeAutomation\MyApp\CC2530DB\..\..\..\..\..\Components\stack\zdo\"
#        -I "E:\Texas Instruments\Z-Stack
#        3.0.2\Projects\zstack\HomeAutomation\MyApp\CC2530DB\..\..\..\..\..\Components\zmac\"
#        -I "E:\Texas Instruments\Z-Stack
#        3.0.2\Projects\zstack\HomeAutomation\MyApp\CC2530DB\..\..\..\..\..\Components\zmac\f8w\"
#        -Ohz --require_prototypes)
#    Locale             =  English_USA.1252
#    List file          =  
#        E:\Texas Instruments\Z-Stack
#        3.0.2\Projects\zstack\HomeAutomation\MyApp\CC2530DB\RouterEB\List\delay.lst
#    Object file        =  
#        E:\Texas Instruments\Z-Stack
#        3.0.2\Projects\zstack\HomeAutomation\MyApp\CC2530DB\RouterEB\Obj\delay.r51
#
###############################################################################

E:\Texas Instruments\Z-Stack 3.0.2\Projects\zstack\HomeAutomation\MyApp\Source\delay.c
      1          #include "ZComDef.h"
      2          #include "delay.h"
      3          

   \                                 In  segment BANKED_CODE, align 1, keep-with-next
      4          void _delay_us(uint16 microSecs)
   \                     _delay_us:
      5          {
   \   000000                ; Saved register size: 0
   \   000000                ; Auto size: 0
   \   000000   8006         SJMP      ??_delay_us_0
      6            while(microSecs--)
      7            {
      8              asm("nop"); asm("nop"); asm("nop"); asm("nop"); asm("nop"); asm("nop");
   \                     ??_delay_us_1:
   \   000002   00           nop
   \   000003   00           nop
   \   000004   00           nop
   \   000005   00           nop
   \   000006   00           nop
   \   000007   00           nop
      9            }
   \                     ??_delay_us_0:
   \   000008   EA           MOV       A,R2
   \   000009   F8           MOV       R0,A
   \   00000A   EB           MOV       A,R3
   \   00000B   F9           MOV       R1,A
   \   00000C   E8           MOV       A,R0
   \   00000D   24FF         ADD       A,#-0x1
   \   00000F   1A           DEC       R2
   \   000010   E9           MOV       A,R1
   \   000011   34FF         ADDC      A,#-0x1
   \   000013   FB           MOV       R3,A
   \   000014   E8           MOV       A,R0
   \   000015   49           ORL       A,R1
   \   000016   70EA         JNZ       ??_delay_us_1
     10          }
   \   000018   02....       LJMP      ?BRET
     11          

   \                                 In  segment BANKED_CODE, align 1, keep-with-next
     12          void _delay_ms(uint16 milliSecs)
   \                     _delay_ms:
     13          {
   \   000000   74F7         MOV       A,#-0x9
   \   000002   12....       LCALL     ?BANKED_ENTER_XDATA
   \   000005                ; Saved register size: 9
   \   000005                ; Auto size: 0
   \   000005   EA           MOV       A,R2
   \   000006   FE           MOV       R6,A
   \   000007   EB           MOV       A,R3
   \   000008   FF           MOV       R7,A
   \   000009   8007         SJMP      ??_delay_ms_0
     14            while(milliSecs--)
     15            {
     16              _delay_us(1000);
   \                     ??_delay_ms_1:
   \   00000B                ; Setup parameters for call to function _delay_us
   \   00000B   7AE8         MOV       R2,#-0x18
   \   00000D   7B03         MOV       R3,#0x3
   \   00000F   12....       LCALL     `??_delay_us::?relay`; Banked call to: _delay_us
     17            }
   \                     ??_delay_ms_0:
   \   000012   EE           MOV       A,R6
   \   000013   F8           MOV       R0,A
   \   000014   EF           MOV       A,R7
   \   000015   F9           MOV       R1,A
   \   000016   E8           MOV       A,R0
   \   000017   24FF         ADD       A,#-0x1
   \   000019   1E           DEC       R6
   \   00001A   E9           MOV       A,R1
   \   00001B   34FF         ADDC      A,#-0x1
   \   00001D   FF           MOV       R7,A
   \   00001E   E8           MOV       A,R0
   \   00001F   49           ORL       A,R1
   \   000020   70E9         JNZ       ??_delay_ms_1
     18          }
   \   000022   7F01         MOV       R7,#0x1
   \   000024   02....       LJMP      ?BANKED_LEAVE_XDATA

   Maximum stack usage in bytes:

   XSTACK Function
   ------ --------
      9   _delay_ms
        9   -> _delay_us
      9   _delay_us


   Segment part sizes:

   Bytes  Function/Label
   -----  --------------
      39  _delay_ms
      27  _delay_us
      12  -- Other

 
 66 bytes in segment BANKED_CODE
 12 bytes in segment BANK_RELAYS
 
 12 bytes of CODE     memory
 66 bytes of HUGECODE memory

Errors: none
Warnings: none
